<?xml version="1.0" encoding="UTF-8"?>
<testsuite xmlns:xsi="http://www.w3.org/2001/XMLSchema-instance" xsi:noNamespaceSchemaLocation="https://maven.apache.org/surefire/maven-surefire-plugin/xsd/surefire-test-report.xsd" version="3.0.2" name="pe.edu.vallegrande.health.HealthApplicationTests" time="5.519" tests="1" errors="0" skipped="0" failures="0">
  <properties>
[...]
</properties>
  <testcase name="contextLoads" classname="pe.edu.vallegrande.health.HealthApplicationTests" time="0.929">
    <system-out><![CDATA[01:57:26.897 [main] INFO org.springframework.test.context.support.AnnotationConfigContextLoaderUtils -- Could not detect default configuration classes for test class [pe.edu.vallegrande.health.HealthApplicationTests]: HealthApplicationTests does not declare any static, non-private, non-final, nested classes annotated with @Configuration.
01:57:27.047 [main] INFO org.springframework.boot.test.context.SpringBootTestContextBootstrapper -- Found @SpringBootConfiguration pe.edu.vallegrande.health.HealthApplication for test class pe.edu.vallegrande.health.HealthApplicationTests

  .   ____          _            __ _ _
 /\\ / ___'_ __ _ _(_)_ __  __ _ \ \ \ \
( ( )\___ | '_ | '_| | '_ \/ _` | \ \ \ \
 \\/  ___)| |_)| | | | | || (_| |  ) ) ) )
  '  |____| .__|_| |_|_| |_\__, | / / / /
 =========|_|==============|___/=/_/_/_/

 :: Spring Boot ::                (v3.4.4)

2025-06-03T01:57:27.723Z  INFO 17567 --- [Health] [           main] p.e.v.health.HealthApplicationTests      : Starting HealthApplicationTests using Java 17.0.14 with PID 17567 (started by codespace in /workspaces/microservicio_benef)
2025-06-03T01:57:27.726Z  INFO 17567 --- [Health] [           main] p.e.v.health.HealthApplicationTests      : No active profile set, falling back to 1 default profile: "default"
2025-06-03T01:57:29.089Z  INFO 17567 --- [Health] [           main] .s.d.r.c.RepositoryConfigurationDelegate : Bootstrapping Spring Data R2DBC repositories in DEFAULT mode.
2025-06-03T01:57:29.222Z  INFO 17567 --- [Health] [           main] .s.d.r.c.RepositoryConfigurationDelegate : Finished Spring Data repository scanning in 126 ms. Found 1 R2DBC repository interface.
2025-06-03T01:57:30.560Z  INFO 17567 --- [Health] [           main] o.s.v.b.OptionalValidatorFactoryBean     : Failed to set up a Bean Validation provider: jakarta.validation.NoProviderFoundException: Unable to create a Configuration, because no Jakarta Bean Validation provider could be found. Add a provider like Hibernate Validator (RI) to your classpath.
2025-06-03T01:57:30.750Z  INFO 17567 --- [Health] [           main] o.s.b.a.e.web.EndpointLinksResolver      : Exposing 1 endpoint beneath base path '/actuator'
2025-06-03T01:57:31.170Z  INFO 17567 --- [Health] [           main] p.e.v.health.HealthApplicationTests      : Started HealthApplicationTests in 3.963 seconds (process running for 5.565)
]]></system-out>
  </testcase>
</testsuite>